xrun: 22.03-s012: (c) Copyright 1995-2023 Cadence Design Systems, Inc.
TOOL:	xrun	22.03-s012: Started on Oct 22, 2025 at 19:06:07 CDT
xrun
	-f run.f
		+access+rwc
		-timescale 1ns/1ns
		top.sv
		tb.sv
file: tb.sv
	module worklib.tb_fifo_basic:sv
		errors: 0, warnings: 0
		Caching library 'worklib' ....... Done
	Elaborating the design hierarchy:
	Top level design units:
		tb_fifo_basic
xmelab: *W,DSEMEL: This SystemVerilog design will be simulated as per IEEE 1800-2009 SystemVerilog simulation semantics. Use -disable_sem2009 option for turning off SV 2009 simulation semantics.
	Building instance overlay tables: .................... Done
	Generating native compiled code:
		worklib.top:sv <0x40eec151>
			streams:   5, words:  4145
		worklib.tb_fifo_basic:sv <0x13785e35>
			streams:  10, words:  4781
	Building instance specific data structures.
	Loading native compiled code:     .................... Done
	Design hierarchy summary:
		                 Instances  Unique
		Modules:                 2       2
		Registers:              16      16
		Scalar wires:           10       -
		Vectored wires:          3       -
		Always blocks:           2       2
		Initial blocks:          1       1
		Cont. assignments:       1       2
		Pseudo assignments:      8       8
		Simulation timescale:  1ns
	Writing initial simulation snapshot: worklib.tb_fifo_basic:sv
Loading snapshot worklib.tb_fifo_basic:sv .................... Done
xmsim: *W,DSEM2009: This SystemVerilog design is simulated as per IEEE 1800-2009 SystemVerilog simulation semantics. Use -disable_sem2009 option for turning off SV 2009 simulation semantics.
xcelium> source /opt/coe/cadence/XCELIUM/tools/xcelium/files/xmsimrc
xcelium> run
Data written at address 1: 12153524
Data written at address 2: c0895e81
Data written at address 3: 8484d609
Data written at address 4: b1f05663
Data written at address 5: 6b97b0d
Data read from address 1 : 12153524
Data read from address 2 : c0895e81
Data read from address 3 : 8484d609
Data read from address 4 : b1f05663
Data read from address 5 : 6b97b0d
Simulation complete via $finish(1) at time 405 NS + 0
./tb.sv:44     $finish; //ending simulation after 200ns
xcelium> exit
TOOL:	xrun	22.03-s012: Exiting on Oct 22, 2025 at 19:06:10 CDT  (total: 00:00:03)
